<?xml version="1.0" encoding="UTF-8"?>
<testsuite xmlns:xsi="http://www.w3.org/2001/XMLSchema-instance" xsi:noNamespaceSchemaLocation="https://maven.apache.org/surefire/maven-surefire-plugin/xsd/surefire-test-report-3.0.xsd" version="3.0" name="com.slava.MatchDAOTest" time="0.025" tests="1" errors="1" skipped="0" failures="0">
  <properties>
[...]
</properties>
  <testcase name="" classname="com.slava.MatchDAOTest" time="0.025">
    <error message="No Persistence provider for EntityManager named test-persistence-unit" type="jakarta.persistence.PersistenceException"><![CDATA[jakarta.persistence.PersistenceException: No Persistence provider for EntityManager named test-persistence-unit
	at jakarta.persistence.Persistence.createEntityManagerFactory(Persistence.java:86)
	at jakarta.persistence.Persistence.createEntityManagerFactory(Persistence.java:55)
	at com.slava.MatchDAOTest.setUp(MatchDAOTest.java:26)
	at java.base/java.lang.reflect.Method.invoke(Method.java:568)
	at java.base/java.util.ArrayList.forEach(ArrayList.java:1511)
]]></error>
    <system-out><![CDATA[2024-08-10 12:19:27 [main] INFO  org.hibernate.jpa.boot.internal.PersistenceXmlParser - HHH000318: Could not find any META-INF/persistence.xml file in the classpath
]]></system-out>
  </testcase>
</testsuite>