<?xml version="1.0" encoding="UTF-8"?>
<testsuite xmlns:xsi="http://www.w3.org/2001/XMLSchema-instance" xsi:noNamespaceSchemaLocation="https://maven.apache.org/surefire/maven-surefire-plugin/xsd/surefire-test-report-3.0.xsd" version="3.0" name="com.slava.HibernateRunnerTest" time="2.582" tests="1" errors="0" skipped="0" failures="0">
  <properties>
[...]
</properties>
  <testcase name="checkAddMatch" classname="com.slava.HibernateRunnerTest" time="2.553">
    <system-out><![CDATA[2024-08-10 12:19:25 [main] INFO  org.hibernate.Version - HHH000412: Hibernate ORM core version 6.2.6.Final
2024-08-10 12:19:25 [main] INFO  org.hibernate.cfg.Environment - HHH000406: Using bytecode reflection optimizer
2024-08-10 12:19:25 [main] WARN  org.hibernate.orm.connections.pooling - HHH10001002: Using built-in connection pool (not intended for production use)
2024-08-10 12:19:25 [main] INFO  org.hibernate.orm.connections.pooling - HHH10001005: Loaded JDBC driver class: org.h2.Driver
2024-08-10 12:19:25 [main] INFO  org.hibernate.orm.connections.pooling - HHH10001012: Connecting with JDBC URL [jdbc:h2:mem:testdb]
2024-08-10 12:19:25 [main] INFO  org.hibernate.orm.connections.pooling - HHH10001001: Connection properties: {password=****, user=}
2024-08-10 12:19:25 [main] INFO  org.hibernate.orm.connections.pooling - HHH10001003: Autocommit mode: false
2024-08-10 12:19:25 [main] INFO  org.hibernate.orm.connections.pooling - HHH10001115: Connection pool size: 20 (min=1)
2024-08-10 12:19:26 [main] INFO  org.hibernate.bytecode.internal.BytecodeProviderInitiator - HHH000021: Bytecode provider name : bytebuddy
2024-08-10 12:19:26 [main] INFO  org.hibernate.engine.transaction.jta.platform.internal.JtaPlatformInitiator - HHH000490: Using JtaPlatform implementation: [org.hibernate.engine.transaction.jta.platform.internal.NoJtaPlatform]
2024-08-10 12:19:26 [main] INFO  org.hibernate.orm.connections.access - HHH10001501: Connection obtained from JdbcConnectionAccess [org.hibernate.engine.jdbc.env.internal.JdbcEnvironmentInitiator$ConnectionProviderJdbcConnectionAccess@3375b118] for (non-JTA) DDL execution was not in auto-commit mode; the Connection 'local transaction' will be committed and the Connection will be set into auto-commit mode.
Hibernate: 
    create table matches (
        id bigint generated by default as identity,
        players1_id bigint,
        players2_id bigint,
        winner_id bigint,
        primary key (id)
    )
Hibernate: 
    create table MyEntity (
        id bigint generated by default as identity,
        name varchar(255),
        primary key (id)
    )
Hibernate: 
    create table players (
        id bigint generated by default as identity,
        name varchar(255),
        primary key (id)
    )
Hibernate: 
    alter table if exists matches 
       add constraint FKenu0wfru2t2a4nvegxr2ufrq3 
       foreign key (players1_id) 
       references players
Hibernate: 
    alter table if exists matches 
       add constraint FK9lrvl4x8lpritcdypestbqnpi 
       foreign key (players2_id) 
       references players
Hibernate: 
    alter table if exists matches 
       add constraint FK1l0hcopaysw1kyoc52ckdnmg6 
       foreign key (winner_id) 
       references players
Hibernate: 
    insert 
    into
        players
        (name,id) 
    values
        (?,default)
Hibernate: 
    insert 
    into
        players
        (name,id) 
    values
        (?,default)
Hibernate: 
    insert 
    into
        matches
        (players1_id,players2_id,winner_id,id) 
    values
        (?,?,?,default)
]]></system-out>
  </testcase>
</testsuite>